#-----------------------------------------------------------
# Vivado v2018.2 (64-bit)
# SW Build 2258646 on Thu Jun 14 20:03:12 MDT 2018
# IP Build 2256618 on Thu Jun 14 22:10:49 MDT 2018
# Start of session at: Sat Apr 30 16:28:40 2022
# Process ID: 2660
# Current directory: C:/Users/Hamza/Desktop/riscv-single-cycle/riscv_single_cycle
# Command line: vivado.exe -gui_launcher_event rodinguilauncherevent8824 C:\Users\Hamza\Desktop\riscv-single-cycle\riscv_single_cycle\riscv_single_cycle.xpr
# Log file: C:/Users/Hamza/Desktop/riscv-single-cycle/riscv_single_cycle/vivado.log
# Journal file: C:/Users/Hamza/Desktop/riscv-single-cycle/riscv_single_cycle\vivado.jou
#-----------------------------------------------------------
start_gui
open_project C:/Users/Hamza/Desktop/riscv-single-cycle/riscv_single_cycle/riscv_single_cycle.xpr
Scanning sources...
Finished scanning sources
INFO: [IP_Flow 19-234] Refreshing IP repositories
INFO: [IP_Flow 19-1704] No user IP repositories specified
INFO: [IP_Flow 19-2313] Loaded Vivado IP repository 'C:/Xilinx/Vivado/2018.2/data/ip'.
open_project: Time (s): cpu = 00:00:17 ; elapsed = 00:00:12 . Memory (MB): peak = 836.512 ; gain = 118.617
update_compile_order -fileset sources_1
