#-----------------------------------------------------------
# Vivado v2018.2 (64-bit)
# SW Build 2258646 on Thu Jun 14 20:03:12 MDT 2018
# IP Build 2256618 on Thu Jun 14 22:10:49 MDT 2018
# Start of session at: Fri Apr 29 22:16:12 2022
# Process ID: 2836
# Current directory: C:/Users/Hamza/Desktop/riscv-single-cycle/riscv_single_cycle
# Command line: vivado.exe -gui_launcher_event rodinguilauncherevent9076 C:\Users\Hamza\Desktop\riscv-single-cycle\riscv_single_cycle\riscv_single_cycle.xpr
# Log file: C:/Users/Hamza/Desktop/riscv-single-cycle/riscv_single_cycle/vivado.log
# Journal file: C:/Users/Hamza/Desktop/riscv-single-cycle/riscv_single_cycle\vivado.jou
#-----------------------------------------------------------
start_gui
open_project C:/Users/Hamza/Desktop/riscv-single-cycle/riscv_single_cycle/riscv_single_cycle.xpr
Scanning sources...
Finished scanning sources
INFO: [IP_Flow 19-234] Refreshing IP repositories
INFO: [IP_Flow 19-1704] No user IP repositories specified
INFO: [IP_Flow 19-2313] Loaded Vivado IP repository 'C:/Xilinx/Vivado/2018.2/data/ip'.
open_project: Time (s): cpu = 00:00:17 ; elapsed = 00:00:12 . Memory (MB): peak = 833.309 ; gain = 120.586
update_compile_order -fileset sources_1
launch_simulation
INFO: [Vivado 12-5682] Launching behavioral simulation in 'C:/Users/Hamza/Desktop/riscv-single-cycle/riscv_single_cycle/riscv_single_cycle.sim/sim_1/behav/xsim'
INFO: [SIM-utils-51] Simulation object is 'sim_1'
INFO: [SIM-utils-54] Inspecting design source files for 'tb_Processor' in fileset 'sim_1'...
INFO: [SIM-utils-43] Exported 'C:/Users/Hamza/Desktop/riscv-single-cycle/riscv_single_cycle/riscv_single_cycle.sim/sim_1/behav/xsim/DataMem.mem'
INFO: [SIM-utils-43] Exported 'C:/Users/Hamza/Desktop/riscv-single-cycle/riscv_single_cycle/riscv_single_cycle.sim/sim_1/behav/xsim/RegisterMem.mem'
INFO: [SIM-utils-43] Exported 'C:/Users/Hamza/Desktop/riscv-single-cycle/riscv_single_cycle/riscv_single_cycle.sim/sim_1/behav/xsim/InstructionMem.mem'
INFO: [SIM-utils-43] Exported 'C:/Users/Hamza/Desktop/riscv-single-cycle/riscv_single_cycle/riscv_single_cycle.sim/sim_1/behav/xsim/DataMem.mem'
INFO: [SIM-utils-43] Exported 'C:/Users/Hamza/Desktop/riscv-single-cycle/riscv_single_cycle/riscv_single_cycle.sim/sim_1/behav/xsim/RegisterMem.mem'
INFO: [SIM-utils-43] Exported 'C:/Users/Hamza/Desktop/riscv-single-cycle/riscv_single_cycle/riscv_single_cycle.sim/sim_1/behav/xsim/InstructionMem.mem'
INFO: [USF-XSim-97] Finding global include files...
INFO: [USF-XSim-98] Fetching design files from 'sim_1'...
INFO: [USF-XSim-2] XSim::Compile design
INFO: [USF-XSim-61] Executing 'COMPILE and ANALYZE' step in 'C:/Users/Hamza/Desktop/riscv-single-cycle/riscv_single_cycle/riscv_single_cycle.sim/sim_1/behav/xsim'
"xvlog --incr --relax -prj tb_Processor_vlog.prj"
INFO: [VRFC 10-2263] Analyzing Verilog file "C:/Users/Hamza/Desktop/riscv-single-cycle/riscv_single_cycle/riscv_single_cycle.srcs/sources_1/imports/DesignCode/ALU.v" into library xil_defaultlib
INFO: [VRFC 10-311] analyzing module ArithmeticLogicUnit
INFO: [VRFC 10-2263] Analyzing Verilog file "C:/Users/Hamza/Desktop/riscv-single-cycle/riscv_single_cycle/riscv_single_cycle.srcs/sources_1/new/BranchCondition.v" into library xil_defaultlib
INFO: [VRFC 10-311] analyzing module BranchCondition
INFO: [VRFC 10-2263] Analyzing Verilog file "C:/Users/Hamza/Desktop/riscv-single-cycle/riscv_single_cycle/riscv_single_cycle.srcs/sources_1/imports/DesignCode/Controller.v" into library xil_defaultlib
INFO: [VRFC 10-311] analyzing module Controller
INFO: [VRFC 10-2263] Analyzing Verilog file "C:/Users/Hamza/Desktop/riscv-single-cycle/riscv_single_cycle/riscv_single_cycle.srcs/sources_1/imports/DesignCode/DataMemory.v" into library xil_defaultlib
INFO: [VRFC 10-311] analyzing module DataMemory
INFO: [VRFC 10-2263] Analyzing Verilog file "C:/Users/Hamza/Desktop/riscv-single-cycle/riscv_single_cycle/riscv_single_cycle.srcs/sources_1/imports/DesignCode/DataPath.v" into library xil_defaultlib
INFO: [VRFC 10-311] analyzing module DataPath
INFO: [VRFC 10-2263] Analyzing Verilog file "C:/Users/Hamza/Desktop/riscv-single-cycle/riscv_single_cycle/riscv_single_cycle.srcs/sources_1/imports/DesignCode/Decoder.v" into library xil_defaultlib
INFO: [VRFC 10-311] analyzing module Decoder
INFO: [VRFC 10-2263] Analyzing Verilog file "C:/Users/Hamza/Desktop/riscv-single-cycle/riscv_single_cycle/riscv_single_cycle.srcs/sources_1/imports/DesignCode/InstructionMemory.v" into library xil_defaultlib
INFO: [VRFC 10-311] analyzing module InstructionMemory
INFO: [VRFC 10-2263] Analyzing Verilog file "C:/Users/Hamza/Desktop/riscv-single-cycle/riscv_single_cycle/riscv_single_cycle.srcs/sources_1/imports/DesignCode/Multiplexers.v" into library xil_defaultlib
INFO: [VRFC 10-311] analyzing module Mux2x1
INFO: [VRFC 10-311] analyzing module Mux4x1
INFO: [VRFC 10-2263] Analyzing Verilog file "C:/Users/Hamza/Desktop/riscv-single-cycle/riscv_single_cycle/riscv_single_cycle.srcs/sources_1/imports/DesignCode/Processor.v" into library xil_defaultlib
INFO: [VRFC 10-311] analyzing module Processor
INFO: [VRFC 10-2263] Analyzing Verilog file "C:/Users/Hamza/Desktop/riscv-single-cycle/riscv_single_cycle/riscv_single_cycle.srcs/sources_1/imports/DesignCode/ProgramCounter.v" into library xil_defaultlib
INFO: [VRFC 10-311] analyzing module ProgramCounter
INFO: [VRFC 10-2263] Analyzing Verilog file "C:/Users/Hamza/Desktop/riscv-single-cycle/riscv_single_cycle/riscv_single_cycle.srcs/sources_1/imports/DesignCode/RegisterFile.v" into library xil_defaultlib
INFO: [VRFC 10-311] analyzing module RegisterFile
INFO: [VRFC 10-2263] Analyzing Verilog file "C:/Users/Hamza/Desktop/riscv-single-cycle/riscv_single_cycle/riscv_single_cycle.srcs/sim_1/imports/TestBenches/tb_Processor.v" into library xil_defaultlib
INFO: [VRFC 10-311] analyzing module tb_Processor
INFO: [USF-XSim-69] 'compile' step finished in '3' seconds
INFO: [USF-XSim-3] XSim::Elaborate design
INFO: [USF-XSim-61] Executing 'ELABORATE' step in 'C:/Users/Hamza/Desktop/riscv-single-cycle/riscv_single_cycle/riscv_single_cycle.sim/sim_1/behav/xsim'
Vivado Simulator 2018.2
Copyright 1986-1999, 2001-2018 Xilinx, Inc. All Rights Reserved.
Running: C:/Xilinx/Vivado/2018.2/bin/unwrapped/win64.o/xelab.exe -wto ffb195d5c08d4749b10a9d250a22231e --incr --debug typical --relax --mt 2 -L xil_defaultlib -L unisims_ver -L unimacro_ver -L secureip --snapshot tb_Processor_behav xil_defaultlib.tb_Processor xil_defaultlib.glbl -log elaborate.log 
Using 2 slave threads.
Starting static elaboration
Completed static elaboration
Starting simulation data flow analysis
Completed simulation data flow analysis
Time Resolution for simulation is 1ps
Compiling module xil_defaultlib.Mux2x1
Compiling module xil_defaultlib.ProgramCounter
Compiling module xil_defaultlib.InstructionMemory
Compiling module xil_defaultlib.Decoder
Compiling module xil_defaultlib.BranchCondition
Compiling module xil_defaultlib.RegisterFile
Compiling module xil_defaultlib.DataMemory
Compiling module xil_defaultlib.Mux4x1
Compiling module xil_defaultlib.ArithmeticLogicUnit
Compiling module xil_defaultlib.DataPath
Compiling module xil_defaultlib.Controller
Compiling module xil_defaultlib.Processor
Compiling module xil_defaultlib.tb_Processor
Compiling module xil_defaultlib.glbl
Built simulation snapshot tb_Processor_behav
INFO: [USF-XSim-69] 'elaborate' step finished in '5' seconds
INFO: [USF-XSim-4] XSim::Simulate design
INFO: [USF-XSim-61] Executing 'SIMULATE' step in 'C:/Users/Hamza/Desktop/riscv-single-cycle/riscv_single_cycle/riscv_single_cycle.sim/sim_1/behav/xsim'
INFO: [USF-XSim-98] *** Running xsim
   with args "tb_Processor_behav -key {Behavioral:sim_1:Functional:tb_Processor} -tclbatch {tb_Processor.tcl} -view {C:/Users/Hamza/Desktop/riscv-single-cycle/riscv_single_cycle/riscv_single_cycle.sim/sim_1/waves/tb_Processor_behav.wcfg} -log {simulate.log}"
INFO: [USF-XSim-8] Loading simulator feature
Vivado Simulator 2018.2
Time resolution is 1 ps
open_wave_config C:/Users/Hamza/Desktop/riscv-single-cycle/riscv_single_cycle/riscv_single_cycle.sim/sim_1/waves/tb_Processor_behav.wcfg
source tb_Processor.tcl
# set curr_wave [current_wave_config]
# if { [string length $curr_wave] == 0 } {
#   if { [llength [get_objects]] > 0} {
#     add_wave /
#     set_property needs_save false [current_wave_config]
#   } else {
#      send_msg_id Add_Wave-1 WARNING "No top level signals found. Simulator will start without a wave window. If you want to open a wave window go to 'File->New Waveform Configuration' or type 'create_wave_config' in the TCL console."
#   }
# }
# run 1000ns
INFO: [USF-XSim-96] XSim completed. Design snapshot 'tb_Processor_behav' loaded.
INFO: [USF-XSim-97] XSim simulation ran for 1000ns
launch_simulation: Time (s): cpu = 00:00:06 ; elapsed = 00:00:13 . Memory (MB): peak = 904.395 ; gain = 0.000
current_wave_config {tb_Processor_behav.wcfg}
tb_Processor_behav.wcfg
add_wave {{/tb_Processor/UUT/DP/BC/operand_1}} 
current_wave_config {tb_Processor_behav.wcfg}
tb_Processor_behav.wcfg
add_wave {{/tb_Processor/UUT/DP/BC/operand_2}} 
relaunch_sim
INFO: [Vivado 12-5682] Launching behavioral simulation in 'C:/Users/Hamza/Desktop/riscv-single-cycle/riscv_single_cycle/riscv_single_cycle.sim/sim_1/behav/xsim'
INFO: [SIM-utils-51] Simulation object is 'sim_1'
INFO: [SIM-utils-54] Inspecting design source files for 'tb_Processor' in fileset 'sim_1'...
INFO: [SIM-utils-43] Exported 'C:/Users/Hamza/Desktop/riscv-single-cycle/riscv_single_cycle/riscv_single_cycle.sim/sim_1/behav/xsim/DataMem.mem'
INFO: [SIM-utils-43] Exported 'C:/Users/Hamza/Desktop/riscv-single-cycle/riscv_single_cycle/riscv_single_cycle.sim/sim_1/behav/xsim/RegisterMem.mem'
INFO: [SIM-utils-43] Exported 'C:/Users/Hamza/Desktop/riscv-single-cycle/riscv_single_cycle/riscv_single_cycle.sim/sim_1/behav/xsim/InstructionMem.mem'
INFO: [SIM-utils-43] Exported 'C:/Users/Hamza/Desktop/riscv-single-cycle/riscv_single_cycle/riscv_single_cycle.sim/sim_1/behav/xsim/DataMem.mem'
INFO: [SIM-utils-43] Exported 'C:/Users/Hamza/Desktop/riscv-single-cycle/riscv_single_cycle/riscv_single_cycle.sim/sim_1/behav/xsim/RegisterMem.mem'
INFO: [SIM-utils-43] Exported 'C:/Users/Hamza/Desktop/riscv-single-cycle/riscv_single_cycle/riscv_single_cycle.sim/sim_1/behav/xsim/InstructionMem.mem'
INFO: [USF-XSim-97] Finding global include files...
INFO: [USF-XSim-98] Fetching design files from 'sim_1'...
INFO: [USF-XSim-2] XSim::Compile design
INFO: [USF-XSim-61] Executing 'COMPILE and ANALYZE' step in 'C:/Users/Hamza/Desktop/riscv-single-cycle/riscv_single_cycle/riscv_single_cycle.sim/sim_1/behav/xsim'
"xvlog --incr --relax -prj tb_Processor_vlog.prj"
INFO: [VRFC 10-2263] Analyzing Verilog file "C:/Users/Hamza/Desktop/riscv-single-cycle/riscv_single_cycle/riscv_single_cycle.srcs/sources_1/imports/DesignCode/ALU.v" into library xil_defaultlib
INFO: [VRFC 10-311] analyzing module ArithmeticLogicUnit
INFO: [VRFC 10-2263] Analyzing Verilog file "C:/Users/Hamza/Desktop/riscv-single-cycle/riscv_single_cycle/riscv_single_cycle.srcs/sources_1/new/BranchCondition.v" into library xil_defaultlib
INFO: [VRFC 10-311] analyzing module BranchCondition
INFO: [VRFC 10-2263] Analyzing Verilog file "C:/Users/Hamza/Desktop/riscv-single-cycle/riscv_single_cycle/riscv_single_cycle.srcs/sources_1/imports/DesignCode/Controller.v" into library xil_defaultlib
INFO: [VRFC 10-311] analyzing module Controller
INFO: [VRFC 10-2263] Analyzing Verilog file "C:/Users/Hamza/Desktop/riscv-single-cycle/riscv_single_cycle/riscv_single_cycle.srcs/sources_1/imports/DesignCode/DataMemory.v" into library xil_defaultlib
INFO: [VRFC 10-311] analyzing module DataMemory
INFO: [VRFC 10-2263] Analyzing Verilog file "C:/Users/Hamza/Desktop/riscv-single-cycle/riscv_single_cycle/riscv_single_cycle.srcs/sources_1/imports/DesignCode/DataPath.v" into library xil_defaultlib
INFO: [VRFC 10-311] analyzing module DataPath
INFO: [VRFC 10-2263] Analyzing Verilog file "C:/Users/Hamza/Desktop/riscv-single-cycle/riscv_single_cycle/riscv_single_cycle.srcs/sources_1/imports/DesignCode/Decoder.v" into library xil_defaultlib
INFO: [VRFC 10-311] analyzing module Decoder
INFO: [VRFC 10-2263] Analyzing Verilog file "C:/Users/Hamza/Desktop/riscv-single-cycle/riscv_single_cycle/riscv_single_cycle.srcs/sources_1/imports/DesignCode/InstructionMemory.v" into library xil_defaultlib
INFO: [VRFC 10-311] analyzing module InstructionMemory
INFO: [VRFC 10-2263] Analyzing Verilog file "C:/Users/Hamza/Desktop/riscv-single-cycle/riscv_single_cycle/riscv_single_cycle.srcs/sources_1/imports/DesignCode/Multiplexers.v" into library xil_defaultlib
INFO: [VRFC 10-311] analyzing module Mux2x1
INFO: [VRFC 10-311] analyzing module Mux4x1
INFO: [VRFC 10-2263] Analyzing Verilog file "C:/Users/Hamza/Desktop/riscv-single-cycle/riscv_single_cycle/riscv_single_cycle.srcs/sources_1/imports/DesignCode/Processor.v" into library xil_defaultlib
INFO: [VRFC 10-311] analyzing module Processor
INFO: [VRFC 10-2263] Analyzing Verilog file "C:/Users/Hamza/Desktop/riscv-single-cycle/riscv_single_cycle/riscv_single_cycle.srcs/sources_1/imports/DesignCode/ProgramCounter.v" into library xil_defaultlib
INFO: [VRFC 10-311] analyzing module ProgramCounter
INFO: [VRFC 10-2263] Analyzing Verilog file "C:/Users/Hamza/Desktop/riscv-single-cycle/riscv_single_cycle/riscv_single_cycle.srcs/sources_1/imports/DesignCode/RegisterFile.v" into library xil_defaultlib
INFO: [VRFC 10-311] analyzing module RegisterFile
INFO: [VRFC 10-2263] Analyzing Verilog file "C:/Users/Hamza/Desktop/riscv-single-cycle/riscv_single_cycle/riscv_single_cycle.srcs/sim_1/imports/TestBenches/tb_Processor.v" into library xil_defaultlib
INFO: [VRFC 10-311] analyzing module tb_Processor
INFO: [USF-XSim-69] 'compile' step finished in '2' seconds
INFO: [Vivado 12-5682] Launching behavioral simulation in 'C:/Users/Hamza/Desktop/riscv-single-cycle/riscv_single_cycle/riscv_single_cycle.sim/sim_1/behav/xsim'
INFO: [USF-XSim-3] XSim::Elaborate design
INFO: [USF-XSim-61] Executing 'ELABORATE' step in 'C:/Users/Hamza/Desktop/riscv-single-cycle/riscv_single_cycle/riscv_single_cycle.sim/sim_1/behav/xsim'
Vivado Simulator 2018.2
Copyright 1986-1999, 2001-2018 Xilinx, Inc. All Rights Reserved.
Running: C:/Xilinx/Vivado/2018.2/bin/unwrapped/win64.o/xelab.exe -wto ffb195d5c08d4749b10a9d250a22231e --incr --debug typical --relax --mt 2 -L xil_defaultlib -L unisims_ver -L unimacro_ver -L secureip --snapshot tb_Processor_behav xil_defaultlib.tb_Processor xil_defaultlib.glbl -log elaborate.log 
Using 2 slave threads.
Starting static elaboration
Completed static elaboration
Starting simulation data flow analysis
Completed simulation data flow analysis
Time Resolution for simulation is 1ps
Compiling module xil_defaultlib.Mux2x1
Compiling module xil_defaultlib.ProgramCounter
Compiling module xil_defaultlib.InstructionMemory
Compiling module xil_defaultlib.Decoder
Compiling module xil_defaultlib.BranchCondition
Compiling module xil_defaultlib.RegisterFile
Compiling module xil_defaultlib.DataMemory
Compiling module xil_defaultlib.Mux4x1
Compiling module xil_defaultlib.ArithmeticLogicUnit
Compiling module xil_defaultlib.DataPath
Compiling module xil_defaultlib.Controller
Compiling module xil_defaultlib.Processor
Compiling module xil_defaultlib.tb_Processor
Compiling module xil_defaultlib.glbl
Built simulation snapshot tb_Processor_behav
INFO: [USF-XSim-69] 'elaborate' step finished in '2' seconds
Vivado Simulator 2018.2
Time resolution is 1 ps
relaunch_sim: Time (s): cpu = 00:00:02 ; elapsed = 00:00:08 . Memory (MB): peak = 921.629 ; gain = 0.000
current_wave_config {tb_Processor_behav.wcfg}
tb_Processor_behav.wcfg
add_wave {{/tb_Processor/UUT/DP/BC/operand_1}} 
current_wave_config {tb_Processor_behav.wcfg}
tb_Processor_behav.wcfg
add_wave {{/tb_Processor/UUT/DP/BC/operand_2}} 
relaunch_sim
INFO: [Vivado 12-5682] Launching behavioral simulation in 'C:/Users/Hamza/Desktop/riscv-single-cycle/riscv_single_cycle/riscv_single_cycle.sim/sim_1/behav/xsim'
INFO: [SIM-utils-51] Simulation object is 'sim_1'
INFO: [SIM-utils-54] Inspecting design source files for 'tb_Processor' in fileset 'sim_1'...
INFO: [SIM-utils-43] Exported 'C:/Users/Hamza/Desktop/riscv-single-cycle/riscv_single_cycle/riscv_single_cycle.sim/sim_1/behav/xsim/DataMem.mem'
INFO: [SIM-utils-43] Exported 'C:/Users/Hamza/Desktop/riscv-single-cycle/riscv_single_cycle/riscv_single_cycle.sim/sim_1/behav/xsim/RegisterMem.mem'
INFO: [SIM-utils-43] Exported 'C:/Users/Hamza/Desktop/riscv-single-cycle/riscv_single_cycle/riscv_single_cycle.sim/sim_1/behav/xsim/InstructionMem.mem'
INFO: [SIM-utils-43] Exported 'C:/Users/Hamza/Desktop/riscv-single-cycle/riscv_single_cycle/riscv_single_cycle.sim/sim_1/behav/xsim/DataMem.mem'
INFO: [SIM-utils-43] Exported 'C:/Users/Hamza/Desktop/riscv-single-cycle/riscv_single_cycle/riscv_single_cycle.sim/sim_1/behav/xsim/RegisterMem.mem'
INFO: [SIM-utils-43] Exported 'C:/Users/Hamza/Desktop/riscv-single-cycle/riscv_single_cycle/riscv_single_cycle.sim/sim_1/behav/xsim/InstructionMem.mem'
INFO: [USF-XSim-97] Finding global include files...
INFO: [USF-XSim-98] Fetching design files from 'sim_1'...
INFO: [USF-XSim-2] XSim::Compile design
INFO: [USF-XSim-61] Executing 'COMPILE and ANALYZE' step in 'C:/Users/Hamza/Desktop/riscv-single-cycle/riscv_single_cycle/riscv_single_cycle.sim/sim_1/behav/xsim'
"xvlog --incr --relax -prj tb_Processor_vlog.prj"
INFO: [VRFC 10-2263] Analyzing Verilog file "C:/Users/Hamza/Desktop/riscv-single-cycle/riscv_single_cycle/riscv_single_cycle.srcs/sources_1/imports/DesignCode/ALU.v" into library xil_defaultlib
INFO: [VRFC 10-311] analyzing module ArithmeticLogicUnit
INFO: [VRFC 10-2263] Analyzing Verilog file "C:/Users/Hamza/Desktop/riscv-single-cycle/riscv_single_cycle/riscv_single_cycle.srcs/sources_1/new/BranchCondition.v" into library xil_defaultlib
INFO: [VRFC 10-311] analyzing module BranchCondition
INFO: [VRFC 10-2263] Analyzing Verilog file "C:/Users/Hamza/Desktop/riscv-single-cycle/riscv_single_cycle/riscv_single_cycle.srcs/sources_1/imports/DesignCode/Controller.v" into library xil_defaultlib
INFO: [VRFC 10-311] analyzing module Controller
INFO: [VRFC 10-2263] Analyzing Verilog file "C:/Users/Hamza/Desktop/riscv-single-cycle/riscv_single_cycle/riscv_single_cycle.srcs/sources_1/imports/DesignCode/DataMemory.v" into library xil_defaultlib
INFO: [VRFC 10-311] analyzing module DataMemory
INFO: [VRFC 10-2263] Analyzing Verilog file "C:/Users/Hamza/Desktop/riscv-single-cycle/riscv_single_cycle/riscv_single_cycle.srcs/sources_1/imports/DesignCode/DataPath.v" into library xil_defaultlib
INFO: [VRFC 10-311] analyzing module DataPath
INFO: [VRFC 10-2263] Analyzing Verilog file "C:/Users/Hamza/Desktop/riscv-single-cycle/riscv_single_cycle/riscv_single_cycle.srcs/sources_1/imports/DesignCode/Decoder.v" into library xil_defaultlib
INFO: [VRFC 10-311] analyzing module Decoder
INFO: [VRFC 10-2263] Analyzing Verilog file "C:/Users/Hamza/Desktop/riscv-single-cycle/riscv_single_cycle/riscv_single_cycle.srcs/sources_1/imports/DesignCode/InstructionMemory.v" into library xil_defaultlib
INFO: [VRFC 10-311] analyzing module InstructionMemory
INFO: [VRFC 10-2263] Analyzing Verilog file "C:/Users/Hamza/Desktop/riscv-single-cycle/riscv_single_cycle/riscv_single_cycle.srcs/sources_1/imports/DesignCode/Multiplexers.v" into library xil_defaultlib
INFO: [VRFC 10-311] analyzing module Mux2x1
INFO: [VRFC 10-311] analyzing module Mux4x1
INFO: [VRFC 10-2263] Analyzing Verilog file "C:/Users/Hamza/Desktop/riscv-single-cycle/riscv_single_cycle/riscv_single_cycle.srcs/sources_1/imports/DesignCode/Processor.v" into library xil_defaultlib
INFO: [VRFC 10-311] analyzing module Processor
INFO: [VRFC 10-2263] Analyzing Verilog file "C:/Users/Hamza/Desktop/riscv-single-cycle/riscv_single_cycle/riscv_single_cycle.srcs/sources_1/imports/DesignCode/ProgramCounter.v" into library xil_defaultlib
INFO: [VRFC 10-311] analyzing module ProgramCounter
INFO: [VRFC 10-2263] Analyzing Verilog file "C:/Users/Hamza/Desktop/riscv-single-cycle/riscv_single_cycle/riscv_single_cycle.srcs/sources_1/imports/DesignCode/RegisterFile.v" into library xil_defaultlib
INFO: [VRFC 10-311] analyzing module RegisterFile
INFO: [VRFC 10-2263] Analyzing Verilog file "C:/Users/Hamza/Desktop/riscv-single-cycle/riscv_single_cycle/riscv_single_cycle.srcs/sim_1/imports/TestBenches/tb_Processor.v" into library xil_defaultlib
INFO: [VRFC 10-311] analyzing module tb_Processor
INFO: [USF-XSim-69] 'compile' step finished in '2' seconds
INFO: [Vivado 12-5682] Launching behavioral simulation in 'C:/Users/Hamza/Desktop/riscv-single-cycle/riscv_single_cycle/riscv_single_cycle.sim/sim_1/behav/xsim'
INFO: [USF-XSim-3] XSim::Elaborate design
INFO: [USF-XSim-61] Executing 'ELABORATE' step in 'C:/Users/Hamza/Desktop/riscv-single-cycle/riscv_single_cycle/riscv_single_cycle.sim/sim_1/behav/xsim'
Vivado Simulator 2018.2
Copyright 1986-1999, 2001-2018 Xilinx, Inc. All Rights Reserved.
Running: C:/Xilinx/Vivado/2018.2/bin/unwrapped/win64.o/xelab.exe -wto ffb195d5c08d4749b10a9d250a22231e --incr --debug typical --relax --mt 2 -L xil_defaultlib -L unisims_ver -L unimacro_ver -L secureip --snapshot tb_Processor_behav xil_defaultlib.tb_Processor xil_defaultlib.glbl -log elaborate.log 
Using 2 slave threads.
Starting static elaboration
Completed static elaboration
Starting simulation data flow analysis
Completed simulation data flow analysis
Time Resolution for simulation is 1ps
Compiling module xil_defaultlib.Mux2x1
Compiling module xil_defaultlib.ProgramCounter
Compiling module xil_defaultlib.InstructionMemory
Compiling module xil_defaultlib.Decoder
Compiling module xil_defaultlib.BranchCondition
Compiling module xil_defaultlib.RegisterFile
Compiling module xil_defaultlib.DataMemory
Compiling module xil_defaultlib.Mux4x1
Compiling module xil_defaultlib.ArithmeticLogicUnit
Compiling module xil_defaultlib.DataPath
Compiling module xil_defaultlib.Controller
Compiling module xil_defaultlib.Processor
Compiling module xil_defaultlib.tb_Processor
Compiling module xil_defaultlib.glbl
Built simulation snapshot tb_Processor_behav
INFO: [USF-XSim-69] 'elaborate' step finished in '2' seconds
Vivado Simulator 2018.2
Time resolution is 1 ps
relaunch_sim: Time (s): cpu = 00:00:01 ; elapsed = 00:00:08 . Memory (MB): peak = 925.812 ; gain = 0.000
relaunch_sim
INFO: [Vivado 12-5682] Launching behavioral simulation in 'C:/Users/Hamza/Desktop/riscv-single-cycle/riscv_single_cycle/riscv_single_cycle.sim/sim_1/behav/xsim'
INFO: [SIM-utils-51] Simulation object is 'sim_1'
INFO: [SIM-utils-54] Inspecting design source files for 'tb_Processor' in fileset 'sim_1'...
INFO: [SIM-utils-43] Exported 'C:/Users/Hamza/Desktop/riscv-single-cycle/riscv_single_cycle/riscv_single_cycle.sim/sim_1/behav/xsim/DataMem.mem'
INFO: [SIM-utils-43] Exported 'C:/Users/Hamza/Desktop/riscv-single-cycle/riscv_single_cycle/riscv_single_cycle.sim/sim_1/behav/xsim/RegisterMem.mem'
INFO: [SIM-utils-43] Exported 'C:/Users/Hamza/Desktop/riscv-single-cycle/riscv_single_cycle/riscv_single_cycle.sim/sim_1/behav/xsim/InstructionMem.mem'
INFO: [SIM-utils-43] Exported 'C:/Users/Hamza/Desktop/riscv-single-cycle/riscv_single_cycle/riscv_single_cycle.sim/sim_1/behav/xsim/DataMem.mem'
INFO: [SIM-utils-43] Exported 'C:/Users/Hamza/Desktop/riscv-single-cycle/riscv_single_cycle/riscv_single_cycle.sim/sim_1/behav/xsim/RegisterMem.mem'
INFO: [SIM-utils-43] Exported 'C:/Users/Hamza/Desktop/riscv-single-cycle/riscv_single_cycle/riscv_single_cycle.sim/sim_1/behav/xsim/InstructionMem.mem'
INFO: [USF-XSim-97] Finding global include files...
INFO: [USF-XSim-98] Fetching design files from 'sim_1'...
INFO: [USF-XSim-2] XSim::Compile design
INFO: [USF-XSim-61] Executing 'COMPILE and ANALYZE' step in 'C:/Users/Hamza/Desktop/riscv-single-cycle/riscv_single_cycle/riscv_single_cycle.sim/sim_1/behav/xsim'
"xvlog --incr --relax -prj tb_Processor_vlog.prj"
INFO: [VRFC 10-2263] Analyzing Verilog file "C:/Users/Hamza/Desktop/riscv-single-cycle/riscv_single_cycle/riscv_single_cycle.srcs/sources_1/imports/DesignCode/ALU.v" into library xil_defaultlib
INFO: [VRFC 10-311] analyzing module ArithmeticLogicUnit
INFO: [VRFC 10-2263] Analyzing Verilog file "C:/Users/Hamza/Desktop/riscv-single-cycle/riscv_single_cycle/riscv_single_cycle.srcs/sources_1/new/BranchCondition.v" into library xil_defaultlib
INFO: [VRFC 10-311] analyzing module BranchCondition
INFO: [VRFC 10-2263] Analyzing Verilog file "C:/Users/Hamza/Desktop/riscv-single-cycle/riscv_single_cycle/riscv_single_cycle.srcs/sources_1/imports/DesignCode/Controller.v" into library xil_defaultlib
INFO: [VRFC 10-311] analyzing module Controller
INFO: [VRFC 10-2263] Analyzing Verilog file "C:/Users/Hamza/Desktop/riscv-single-cycle/riscv_single_cycle/riscv_single_cycle.srcs/sources_1/imports/DesignCode/DataMemory.v" into library xil_defaultlib
INFO: [VRFC 10-311] analyzing module DataMemory
INFO: [VRFC 10-2263] Analyzing Verilog file "C:/Users/Hamza/Desktop/riscv-single-cycle/riscv_single_cycle/riscv_single_cycle.srcs/sources_1/imports/DesignCode/DataPath.v" into library xil_defaultlib
INFO: [VRFC 10-311] analyzing module DataPath
INFO: [VRFC 10-2263] Analyzing Verilog file "C:/Users/Hamza/Desktop/riscv-single-cycle/riscv_single_cycle/riscv_single_cycle.srcs/sources_1/imports/DesignCode/Decoder.v" into library xil_defaultlib
INFO: [VRFC 10-311] analyzing module Decoder
INFO: [VRFC 10-2263] Analyzing Verilog file "C:/Users/Hamza/Desktop/riscv-single-cycle/riscv_single_cycle/riscv_single_cycle.srcs/sources_1/imports/DesignCode/InstructionMemory.v" into library xil_defaultlib
INFO: [VRFC 10-311] analyzing module InstructionMemory
INFO: [VRFC 10-2263] Analyzing Verilog file "C:/Users/Hamza/Desktop/riscv-single-cycle/riscv_single_cycle/riscv_single_cycle.srcs/sources_1/imports/DesignCode/Multiplexers.v" into library xil_defaultlib
INFO: [VRFC 10-311] analyzing module Mux2x1
INFO: [VRFC 10-311] analyzing module Mux4x1
INFO: [VRFC 10-2263] Analyzing Verilog file "C:/Users/Hamza/Desktop/riscv-single-cycle/riscv_single_cycle/riscv_single_cycle.srcs/sources_1/imports/DesignCode/Processor.v" into library xil_defaultlib
INFO: [VRFC 10-311] analyzing module Processor
INFO: [VRFC 10-2263] Analyzing Verilog file "C:/Users/Hamza/Desktop/riscv-single-cycle/riscv_single_cycle/riscv_single_cycle.srcs/sources_1/imports/DesignCode/ProgramCounter.v" into library xil_defaultlib
INFO: [VRFC 10-311] analyzing module ProgramCounter
INFO: [VRFC 10-2263] Analyzing Verilog file "C:/Users/Hamza/Desktop/riscv-single-cycle/riscv_single_cycle/riscv_single_cycle.srcs/sources_1/imports/DesignCode/RegisterFile.v" into library xil_defaultlib
INFO: [VRFC 10-311] analyzing module RegisterFile
INFO: [VRFC 10-2263] Analyzing Verilog file "C:/Users/Hamza/Desktop/riscv-single-cycle/riscv_single_cycle/riscv_single_cycle.srcs/sim_1/imports/TestBenches/tb_Processor.v" into library xil_defaultlib
INFO: [VRFC 10-311] analyzing module tb_Processor
INFO: [USF-XSim-69] 'compile' step finished in '1' seconds
INFO: [Vivado 12-5682] Launching behavioral simulation in 'C:/Users/Hamza/Desktop/riscv-single-cycle/riscv_single_cycle/riscv_single_cycle.sim/sim_1/behav/xsim'
INFO: [USF-XSim-3] XSim::Elaborate design
INFO: [USF-XSim-61] Executing 'ELABORATE' step in 'C:/Users/Hamza/Desktop/riscv-single-cycle/riscv_single_cycle/riscv_single_cycle.sim/sim_1/behav/xsim'
Vivado Simulator 2018.2
Copyright 1986-1999, 2001-2018 Xilinx, Inc. All Rights Reserved.
Running: C:/Xilinx/Vivado/2018.2/bin/unwrapped/win64.o/xelab.exe -wto ffb195d5c08d4749b10a9d250a22231e --incr --debug typical --relax --mt 2 -L xil_defaultlib -L unisims_ver -L unimacro_ver -L secureip --snapshot tb_Processor_behav xil_defaultlib.tb_Processor xil_defaultlib.glbl -log elaborate.log 
Using 2 slave threads.
Starting static elaboration
Completed static elaboration
Starting simulation data flow analysis
Completed simulation data flow analysis
Time Resolution for simulation is 1ps
Compiling module xil_defaultlib.Mux2x1
Compiling module xil_defaultlib.ProgramCounter
Compiling module xil_defaultlib.InstructionMemory
Compiling module xil_defaultlib.Decoder
Compiling module xil_defaultlib.BranchCondition
Compiling module xil_defaultlib.RegisterFile
Compiling module xil_defaultlib.DataMemory
Compiling module xil_defaultlib.Mux4x1
Compiling module xil_defaultlib.ArithmeticLogicUnit
Compiling module xil_defaultlib.DataPath
Compiling module xil_defaultlib.Controller
Compiling module xil_defaultlib.Processor
Compiling module xil_defaultlib.tb_Processor
Compiling module xil_defaultlib.glbl
Built simulation snapshot tb_Processor_behav
INFO: [USF-XSim-69] 'elaborate' step finished in '2' seconds
Vivado Simulator 2018.2
Time resolution is 1 ps
relaunch_sim: Time (s): cpu = 00:00:02 ; elapsed = 00:00:08 . Memory (MB): peak = 925.812 ; gain = 0.000
relaunch_sim
INFO: [Vivado 12-5682] Launching behavioral simulation in 'C:/Users/Hamza/Desktop/riscv-single-cycle/riscv_single_cycle/riscv_single_cycle.sim/sim_1/behav/xsim'
INFO: [SIM-utils-51] Simulation object is 'sim_1'
INFO: [SIM-utils-54] Inspecting design source files for 'tb_Processor' in fileset 'sim_1'...
INFO: [SIM-utils-43] Exported 'C:/Users/Hamza/Desktop/riscv-single-cycle/riscv_single_cycle/riscv_single_cycle.sim/sim_1/behav/xsim/DataMem.mem'
INFO: [SIM-utils-43] Exported 'C:/Users/Hamza/Desktop/riscv-single-cycle/riscv_single_cycle/riscv_single_cycle.sim/sim_1/behav/xsim/RegisterMem.mem'
INFO: [SIM-utils-43] Exported 'C:/Users/Hamza/Desktop/riscv-single-cycle/riscv_single_cycle/riscv_single_cycle.sim/sim_1/behav/xsim/InstructionMem.mem'
INFO: [SIM-utils-43] Exported 'C:/Users/Hamza/Desktop/riscv-single-cycle/riscv_single_cycle/riscv_single_cycle.sim/sim_1/behav/xsim/DataMem.mem'
INFO: [SIM-utils-43] Exported 'C:/Users/Hamza/Desktop/riscv-single-cycle/riscv_single_cycle/riscv_single_cycle.sim/sim_1/behav/xsim/RegisterMem.mem'
INFO: [SIM-utils-43] Exported 'C:/Users/Hamza/Desktop/riscv-single-cycle/riscv_single_cycle/riscv_single_cycle.sim/sim_1/behav/xsim/InstructionMem.mem'
INFO: [USF-XSim-97] Finding global include files...
INFO: [USF-XSim-98] Fetching design files from 'sim_1'...
INFO: [USF-XSim-2] XSim::Compile design
INFO: [USF-XSim-61] Executing 'COMPILE and ANALYZE' step in 'C:/Users/Hamza/Desktop/riscv-single-cycle/riscv_single_cycle/riscv_single_cycle.sim/sim_1/behav/xsim'
"xvlog --incr --relax -prj tb_Processor_vlog.prj"
INFO: [USF-XSim-69] 'compile' step finished in '2' seconds
INFO: [Vivado 12-5682] Launching behavioral simulation in 'C:/Users/Hamza/Desktop/riscv-single-cycle/riscv_single_cycle/riscv_single_cycle.sim/sim_1/behav/xsim'
INFO: [USF-XSim-3] XSim::Elaborate design
INFO: [USF-XSim-61] Executing 'ELABORATE' step in 'C:/Users/Hamza/Desktop/riscv-single-cycle/riscv_single_cycle/riscv_single_cycle.sim/sim_1/behav/xsim'
Vivado Simulator 2018.2
Copyright 1986-1999, 2001-2018 Xilinx, Inc. All Rights Reserved.
Running: C:/Xilinx/Vivado/2018.2/bin/unwrapped/win64.o/xelab.exe -wto ffb195d5c08d4749b10a9d250a22231e --incr --debug typical --relax --mt 2 -L xil_defaultlib -L unisims_ver -L unimacro_ver -L secureip --snapshot tb_Processor_behav xil_defaultlib.tb_Processor xil_defaultlib.glbl -log elaborate.log 
Using 2 slave threads.
Starting static elaboration
Completed static elaboration
INFO: [XSIM 43-4323] No Change in HDL. Linking previously generated obj files to create kernel
INFO: [USF-XSim-69] 'elaborate' step finished in '2' seconds
Vivado Simulator 2018.2
Time resolution is 1 ps
relaunch_sim: Time (s): cpu = 00:00:01 ; elapsed = 00:00:07 . Memory (MB): peak = 930.398 ; gain = 0.000
relaunch_sim
INFO: [Vivado 12-5682] Launching behavioral simulation in 'C:/Users/Hamza/Desktop/riscv-single-cycle/riscv_single_cycle/riscv_single_cycle.sim/sim_1/behav/xsim'
INFO: [SIM-utils-51] Simulation object is 'sim_1'
INFO: [SIM-utils-54] Inspecting design source files for 'tb_Processor' in fileset 'sim_1'...
INFO: [SIM-utils-43] Exported 'C:/Users/Hamza/Desktop/riscv-single-cycle/riscv_single_cycle/riscv_single_cycle.sim/sim_1/behav/xsim/DataMem.mem'
INFO: [SIM-utils-43] Exported 'C:/Users/Hamza/Desktop/riscv-single-cycle/riscv_single_cycle/riscv_single_cycle.sim/sim_1/behav/xsim/RegisterMem.mem'
INFO: [SIM-utils-43] Exported 'C:/Users/Hamza/Desktop/riscv-single-cycle/riscv_single_cycle/riscv_single_cycle.sim/sim_1/behav/xsim/InstructionMem.mem'
INFO: [SIM-utils-43] Exported 'C:/Users/Hamza/Desktop/riscv-single-cycle/riscv_single_cycle/riscv_single_cycle.sim/sim_1/behav/xsim/DataMem.mem'
INFO: [SIM-utils-43] Exported 'C:/Users/Hamza/Desktop/riscv-single-cycle/riscv_single_cycle/riscv_single_cycle.sim/sim_1/behav/xsim/RegisterMem.mem'
INFO: [SIM-utils-43] Exported 'C:/Users/Hamza/Desktop/riscv-single-cycle/riscv_single_cycle/riscv_single_cycle.sim/sim_1/behav/xsim/InstructionMem.mem'
INFO: [USF-XSim-97] Finding global include files...
INFO: [USF-XSim-98] Fetching design files from 'sim_1'...
INFO: [USF-XSim-2] XSim::Compile design
INFO: [USF-XSim-61] Executing 'COMPILE and ANALYZE' step in 'C:/Users/Hamza/Desktop/riscv-single-cycle/riscv_single_cycle/riscv_single_cycle.sim/sim_1/behav/xsim'
"xvlog --incr --relax -prj tb_Processor_vlog.prj"
INFO: [USF-XSim-69] 'compile' step finished in '3' seconds
INFO: [Vivado 12-5682] Launching behavioral simulation in 'C:/Users/Hamza/Desktop/riscv-single-cycle/riscv_single_cycle/riscv_single_cycle.sim/sim_1/behav/xsim'
INFO: [USF-XSim-3] XSim::Elaborate design
INFO: [USF-XSim-61] Executing 'ELABORATE' step in 'C:/Users/Hamza/Desktop/riscv-single-cycle/riscv_single_cycle/riscv_single_cycle.sim/sim_1/behav/xsim'
Vivado Simulator 2018.2
Copyright 1986-1999, 2001-2018 Xilinx, Inc. All Rights Reserved.
Running: C:/Xilinx/Vivado/2018.2/bin/unwrapped/win64.o/xelab.exe -wto ffb195d5c08d4749b10a9d250a22231e --incr --debug typical --relax --mt 2 -L xil_defaultlib -L unisims_ver -L unimacro_ver -L secureip --snapshot tb_Processor_behav xil_defaultlib.tb_Processor xil_defaultlib.glbl -log elaborate.log 
Using 2 slave threads.
Starting static elaboration
Completed static elaboration
INFO: [XSIM 43-4323] No Change in HDL. Linking previously generated obj files to create kernel
INFO: [USF-XSim-69] 'elaborate' step finished in '3' seconds
Vivado Simulator 2018.2
Time resolution is 1 ps
relaunch_sim: Time (s): cpu = 00:00:02 ; elapsed = 00:00:09 . Memory (MB): peak = 934.883 ; gain = 0.000
relaunch_sim
INFO: [Vivado 12-5682] Launching behavioral simulation in 'C:/Users/Hamza/Desktop/riscv-single-cycle/riscv_single_cycle/riscv_single_cycle.sim/sim_1/behav/xsim'
INFO: [SIM-utils-51] Simulation object is 'sim_1'
INFO: [SIM-utils-54] Inspecting design source files for 'tb_Processor' in fileset 'sim_1'...
INFO: [SIM-utils-43] Exported 'C:/Users/Hamza/Desktop/riscv-single-cycle/riscv_single_cycle/riscv_single_cycle.sim/sim_1/behav/xsim/DataMem.mem'
INFO: [SIM-utils-43] Exported 'C:/Users/Hamza/Desktop/riscv-single-cycle/riscv_single_cycle/riscv_single_cycle.sim/sim_1/behav/xsim/RegisterMem.mem'
INFO: [SIM-utils-43] Exported 'C:/Users/Hamza/Desktop/riscv-single-cycle/riscv_single_cycle/riscv_single_cycle.sim/sim_1/behav/xsim/InstructionMem.mem'
INFO: [SIM-utils-43] Exported 'C:/Users/Hamza/Desktop/riscv-single-cycle/riscv_single_cycle/riscv_single_cycle.sim/sim_1/behav/xsim/DataMem.mem'
INFO: [SIM-utils-43] Exported 'C:/Users/Hamza/Desktop/riscv-single-cycle/riscv_single_cycle/riscv_single_cycle.sim/sim_1/behav/xsim/RegisterMem.mem'
INFO: [SIM-utils-43] Exported 'C:/Users/Hamza/Desktop/riscv-single-cycle/riscv_single_cycle/riscv_single_cycle.sim/sim_1/behav/xsim/InstructionMem.mem'
INFO: [USF-XSim-97] Finding global include files...
INFO: [USF-XSim-98] Fetching design files from 'sim_1'...
INFO: [USF-XSim-2] XSim::Compile design
INFO: [USF-XSim-61] Executing 'COMPILE and ANALYZE' step in 'C:/Users/Hamza/Desktop/riscv-single-cycle/riscv_single_cycle/riscv_single_cycle.sim/sim_1/behav/xsim'
"xvlog --incr --relax -prj tb_Processor_vlog.prj"
INFO: [VRFC 10-2263] Analyzing Verilog file "C:/Users/Hamza/Desktop/riscv-single-cycle/riscv_single_cycle/riscv_single_cycle.srcs/sources_1/imports/DesignCode/ALU.v" into library xil_defaultlib
INFO: [VRFC 10-311] analyzing module ArithmeticLogicUnit
INFO: [VRFC 10-2263] Analyzing Verilog file "C:/Users/Hamza/Desktop/riscv-single-cycle/riscv_single_cycle/riscv_single_cycle.srcs/sources_1/new/BranchCondition.v" into library xil_defaultlib
INFO: [VRFC 10-311] analyzing module BranchCondition
INFO: [VRFC 10-2263] Analyzing Verilog file "C:/Users/Hamza/Desktop/riscv-single-cycle/riscv_single_cycle/riscv_single_cycle.srcs/sources_1/imports/DesignCode/Controller.v" into library xil_defaultlib
INFO: [VRFC 10-311] analyzing module Controller
INFO: [VRFC 10-2263] Analyzing Verilog file "C:/Users/Hamza/Desktop/riscv-single-cycle/riscv_single_cycle/riscv_single_cycle.srcs/sources_1/imports/DesignCode/DataMemory.v" into library xil_defaultlib
INFO: [VRFC 10-311] analyzing module DataMemory
INFO: [VRFC 10-2263] Analyzing Verilog file "C:/Users/Hamza/Desktop/riscv-single-cycle/riscv_single_cycle/riscv_single_cycle.srcs/sources_1/imports/DesignCode/DataPath.v" into library xil_defaultlib
INFO: [VRFC 10-311] analyzing module DataPath
INFO: [VRFC 10-2263] Analyzing Verilog file "C:/Users/Hamza/Desktop/riscv-single-cycle/riscv_single_cycle/riscv_single_cycle.srcs/sources_1/imports/DesignCode/Decoder.v" into library xil_defaultlib
INFO: [VRFC 10-311] analyzing module Decoder
INFO: [VRFC 10-2263] Analyzing Verilog file "C:/Users/Hamza/Desktop/riscv-single-cycle/riscv_single_cycle/riscv_single_cycle.srcs/sources_1/imports/DesignCode/InstructionMemory.v" into library xil_defaultlib
INFO: [VRFC 10-311] analyzing module InstructionMemory
INFO: [VRFC 10-2263] Analyzing Verilog file "C:/Users/Hamza/Desktop/riscv-single-cycle/riscv_single_cycle/riscv_single_cycle.srcs/sources_1/imports/DesignCode/Multiplexers.v" into library xil_defaultlib
INFO: [VRFC 10-311] analyzing module Mux2x1
INFO: [VRFC 10-311] analyzing module Mux4x1
INFO: [VRFC 10-2263] Analyzing Verilog file "C:/Users/Hamza/Desktop/riscv-single-cycle/riscv_single_cycle/riscv_single_cycle.srcs/sources_1/imports/DesignCode/Processor.v" into library xil_defaultlib
INFO: [VRFC 10-311] analyzing module Processor
INFO: [VRFC 10-2263] Analyzing Verilog file "C:/Users/Hamza/Desktop/riscv-single-cycle/riscv_single_cycle/riscv_single_cycle.srcs/sources_1/imports/DesignCode/ProgramCounter.v" into library xil_defaultlib
INFO: [VRFC 10-311] analyzing module ProgramCounter
INFO: [VRFC 10-2263] Analyzing Verilog file "C:/Users/Hamza/Desktop/riscv-single-cycle/riscv_single_cycle/riscv_single_cycle.srcs/sources_1/imports/DesignCode/RegisterFile.v" into library xil_defaultlib
INFO: [VRFC 10-311] analyzing module RegisterFile
INFO: [VRFC 10-2263] Analyzing Verilog file "C:/Users/Hamza/Desktop/riscv-single-cycle/riscv_single_cycle/riscv_single_cycle.srcs/sim_1/imports/TestBenches/tb_Processor.v" into library xil_defaultlib
INFO: [VRFC 10-311] analyzing module tb_Processor
INFO: [USF-XSim-69] 'compile' step finished in '2' seconds
INFO: [Vivado 12-5682] Launching behavioral simulation in 'C:/Users/Hamza/Desktop/riscv-single-cycle/riscv_single_cycle/riscv_single_cycle.sim/sim_1/behav/xsim'
INFO: [USF-XSim-3] XSim::Elaborate design
INFO: [USF-XSim-61] Executing 'ELABORATE' step in 'C:/Users/Hamza/Desktop/riscv-single-cycle/riscv_single_cycle/riscv_single_cycle.sim/sim_1/behav/xsim'
Vivado Simulator 2018.2
Copyright 1986-1999, 2001-2018 Xilinx, Inc. All Rights Reserved.
Running: C:/Xilinx/Vivado/2018.2/bin/unwrapped/win64.o/xelab.exe -wto ffb195d5c08d4749b10a9d250a22231e --incr --debug typical --relax --mt 2 -L xil_defaultlib -L unisims_ver -L unimacro_ver -L secureip --snapshot tb_Processor_behav xil_defaultlib.tb_Processor xil_defaultlib.glbl -log elaborate.log 
Using 2 slave threads.
Starting static elaboration
Completed static elaboration
Starting simulation data flow analysis
Completed simulation data flow analysis
Time Resolution for simulation is 1ps
Compiling module xil_defaultlib.Mux2x1
Compiling module xil_defaultlib.ProgramCounter
Compiling module xil_defaultlib.InstructionMemory
Compiling module xil_defaultlib.Decoder
Compiling module xil_defaultlib.BranchCondition
Compiling module xil_defaultlib.RegisterFile
Compiling module xil_defaultlib.DataMemory
Compiling module xil_defaultlib.Mux4x1
Compiling module xil_defaultlib.ArithmeticLogicUnit
Compiling module xil_defaultlib.DataPath
Compiling module xil_defaultlib.Controller
Compiling module xil_defaultlib.Processor
Compiling module xil_defaultlib.tb_Processor
Compiling module xil_defaultlib.glbl
Built simulation snapshot tb_Processor_behav
INFO: [USF-XSim-69] 'elaborate' step finished in '4' seconds
Vivado Simulator 2018.2
Time resolution is 1 ps
relaunch_sim: Time (s): cpu = 00:00:01 ; elapsed = 00:00:09 . Memory (MB): peak = 934.883 ; gain = 0.000
relaunch_sim
INFO: [Vivado 12-5682] Launching behavioral simulation in 'C:/Users/Hamza/Desktop/riscv-single-cycle/riscv_single_cycle/riscv_single_cycle.sim/sim_1/behav/xsim'
INFO: [SIM-utils-51] Simulation object is 'sim_1'
INFO: [SIM-utils-54] Inspecting design source files for 'tb_Processor' in fileset 'sim_1'...
INFO: [SIM-utils-43] Exported 'C:/Users/Hamza/Desktop/riscv-single-cycle/riscv_single_cycle/riscv_single_cycle.sim/sim_1/behav/xsim/DataMem.mem'
INFO: [SIM-utils-43] Exported 'C:/Users/Hamza/Desktop/riscv-single-cycle/riscv_single_cycle/riscv_single_cycle.sim/sim_1/behav/xsim/RegisterMem.mem'
INFO: [SIM-utils-43] Exported 'C:/Users/Hamza/Desktop/riscv-single-cycle/riscv_single_cycle/riscv_single_cycle.sim/sim_1/behav/xsim/InstructionMem.mem'
INFO: [SIM-utils-43] Exported 'C:/Users/Hamza/Desktop/riscv-single-cycle/riscv_single_cycle/riscv_single_cycle.sim/sim_1/behav/xsim/DataMem.mem'
INFO: [SIM-utils-43] Exported 'C:/Users/Hamza/Desktop/riscv-single-cycle/riscv_single_cycle/riscv_single_cycle.sim/sim_1/behav/xsim/RegisterMem.mem'
INFO: [SIM-utils-43] Exported 'C:/Users/Hamza/Desktop/riscv-single-cycle/riscv_single_cycle/riscv_single_cycle.sim/sim_1/behav/xsim/InstructionMem.mem'
INFO: [USF-XSim-97] Finding global include files...
INFO: [USF-XSim-98] Fetching design files from 'sim_1'...
INFO: [USF-XSim-2] XSim::Compile design
INFO: [USF-XSim-61] Executing 'COMPILE and ANALYZE' step in 'C:/Users/Hamza/Desktop/riscv-single-cycle/riscv_single_cycle/riscv_single_cycle.sim/sim_1/behav/xsim'
"xvlog --incr --relax -prj tb_Processor_vlog.prj"
INFO: [USF-XSim-69] 'compile' step finished in '2' seconds
INFO: [Vivado 12-5682] Launching behavioral simulation in 'C:/Users/Hamza/Desktop/riscv-single-cycle/riscv_single_cycle/riscv_single_cycle.sim/sim_1/behav/xsim'
INFO: [USF-XSim-3] XSim::Elaborate design
INFO: [USF-XSim-61] Executing 'ELABORATE' step in 'C:/Users/Hamza/Desktop/riscv-single-cycle/riscv_single_cycle/riscv_single_cycle.sim/sim_1/behav/xsim'
Vivado Simulator 2018.2
Copyright 1986-1999, 2001-2018 Xilinx, Inc. All Rights Reserved.
Running: C:/Xilinx/Vivado/2018.2/bin/unwrapped/win64.o/xelab.exe -wto ffb195d5c08d4749b10a9d250a22231e --incr --debug typical --relax --mt 2 -L xil_defaultlib -L unisims_ver -L unimacro_ver -L secureip --snapshot tb_Processor_behav xil_defaultlib.tb_Processor xil_defaultlib.glbl -log elaborate.log 
Using 2 slave threads.
Starting static elaboration
Completed static elaboration
INFO: [XSIM 43-4323] No Change in HDL. Linking previously generated obj files to create kernel
INFO: [USF-XSim-69] 'elaborate' step finished in '2' seconds
Vivado Simulator 2018.2
Time resolution is 1 ps
relaunch_sim: Time (s): cpu = 00:00:02 ; elapsed = 00:00:07 . Memory (MB): peak = 936.184 ; gain = 0.000
