INFO: [VRFC 10-2263] Analyzing Verilog file "C:/Users/Hamza/Desktop/riscv-single-cycle/riscv_single_cycle/riscv_single_cycle.srcs/sources_1/imports/DesignCode/ALU.v" into library xil_defaultlib
INFO: [VRFC 10-311] analyzing module ArithmeticLogicUnit
INFO: [VRFC 10-2263] Analyzing Verilog file "C:/Users/Hamza/Desktop/riscv-single-cycle/riscv_single_cycle/riscv_single_cycle.srcs/sources_1/new/BranchCondition.v" into library xil_defaultlib
INFO: [VRFC 10-311] analyzing module BranchCondition
INFO: [VRFC 10-2263] Analyzing Verilog file "C:/Users/Hamza/Desktop/riscv-single-cycle/riscv_single_cycle/riscv_single_cycle.srcs/sources_1/imports/DesignCode/Controller.v" into library xil_defaultlib
INFO: [VRFC 10-311] analyzing module Controller
INFO: [VRFC 10-2263] Analyzing Verilog file "C:/Users/Hamza/Desktop/riscv-single-cycle/riscv_single_cycle/riscv_single_cycle.srcs/sources_1/imports/DesignCode/DataMemory.v" into library xil_defaultlib
INFO: [VRFC 10-311] analyzing module DataMemory
INFO: [VRFC 10-2263] Analyzing Verilog file "C:/Users/Hamza/Desktop/riscv-single-cycle/riscv_single_cycle/riscv_single_cycle.srcs/sources_1/imports/DesignCode/DataPath.v" into library xil_defaultlib
INFO: [VRFC 10-311] analyzing module DataPath
INFO: [VRFC 10-2263] Analyzing Verilog file "C:/Users/Hamza/Desktop/riscv-single-cycle/riscv_single_cycle/riscv_single_cycle.srcs/sources_1/imports/DesignCode/Decoder.v" into library xil_defaultlib
INFO: [VRFC 10-311] analyzing module Decoder
INFO: [VRFC 10-2263] Analyzing Verilog file "C:/Users/Hamza/Desktop/riscv-single-cycle/riscv_single_cycle/riscv_single_cycle.srcs/sources_1/imports/DesignCode/InstructionMemory.v" into library xil_defaultlib
INFO: [VRFC 10-311] analyzing module InstructionMemory
INFO: [VRFC 10-2263] Analyzing Verilog file "C:/Users/Hamza/Desktop/riscv-single-cycle/riscv_single_cycle/riscv_single_cycle.srcs/sources_1/imports/DesignCode/Multiplexers.v" into library xil_defaultlib
INFO: [VRFC 10-311] analyzing module Mux2x1
INFO: [VRFC 10-311] analyzing module Mux4x1
INFO: [VRFC 10-2263] Analyzing Verilog file "C:/Users/Hamza/Desktop/riscv-single-cycle/riscv_single_cycle/riscv_single_cycle.srcs/sources_1/imports/DesignCode/Processor.v" into library xil_defaultlib
INFO: [VRFC 10-311] analyzing module Processor
INFO: [VRFC 10-2263] Analyzing Verilog file "C:/Users/Hamza/Desktop/riscv-single-cycle/riscv_single_cycle/riscv_single_cycle.srcs/sources_1/imports/DesignCode/ProgramCounter.v" into library xil_defaultlib
INFO: [VRFC 10-311] analyzing module ProgramCounter
INFO: [VRFC 10-2263] Analyzing Verilog file "C:/Users/Hamza/Desktop/riscv-single-cycle/riscv_single_cycle/riscv_single_cycle.srcs/sources_1/imports/DesignCode/RegisterFile.v" into library xil_defaultlib
INFO: [VRFC 10-311] analyzing module RegisterFile
INFO: [VRFC 10-2263] Analyzing Verilog file "C:/Users/Hamza/Desktop/riscv-single-cycle/riscv_single_cycle/riscv_single_cycle.srcs/sim_1/imports/TestBenches/tb_Processor.v" into library xil_defaultlib
INFO: [VRFC 10-311] analyzing module tb_Processor
